0 info it worked if it ends with ok
1 verbose cli [ 'C:\\Program Files\\nodejs\\node.exe',
1 verbose cli   'C:\\Program Files\\nodejs\\node_modules\\npm\\bin\\npm-cli.js',
1 verbose cli   'install',
1 verbose cli   'sync' ]
2 info using npm@2.14.4
3 info using node@v4.1.1
4 verbose install initial load of C:\Program Files\Sublime Text 3\homework-3\package.json
5 warn package.json homework-3@1.0.0 No repository field.
6 warn package.json homework-3@1.0.0 No README data
7 verbose installManyTop reading scoped package data from C:\Program Files\Sublime Text 3\homework-3\node_modules\superagent\package.json
8 verbose installManyTop reading scoped package data from C:\Program Files\Sublime Text 3\homework-3\node_modules\yargs\package.json
9 verbose readDependencies loading dependencies from C:\Program Files\Sublime Text 3\homework-3\package.json
10 silly cache add args [ 'sync', null ]
11 verbose cache add spec sync
12 silly cache add parsed spec Result {
12 silly cache add   raw: 'sync',
12 silly cache add   scope: null,
12 silly cache add   name: 'sync',
12 silly cache add   rawSpec: '',
12 silly cache add   spec: '*',
12 silly cache add   type: 'range' }
13 silly addNamed sync@*
14 verbose addNamed "*" is a valid semver range for sync
15 silly addNameRange { name: 'sync', range: '*', hasData: false }
16 silly mapToRegistry name sync
17 silly mapToRegistry using default registry
18 silly mapToRegistry registry https://registry.npmjs.org/
19 silly mapToRegistry uri https://registry.npmjs.org/sync
20 verbose addNameRange registry:https://registry.npmjs.org/sync not in flight; fetching
21 verbose request uri https://registry.npmjs.org/sync
22 verbose request no auth needed
23 info attempt registry request try #1 at 2:40:36 AM
24 verbose request id a505ad2291b85778
25 verbose etag "8SMOBKMDR8GJ8VHOI9GY7T3HB"
26 http request GET https://registry.npmjs.org/sync
27 http 304 https://registry.npmjs.org/sync
28 silly get cb [ 304,
28 silly get   { date: 'Mon, 19 Oct 2015 09:41:04 GMT',
28 silly get     via: '1.1 varnish',
28 silly get     'cache-control': 'max-age=60',
28 silly get     etag: '"8SMOBKMDR8GJ8VHOI9GY7T3HB"',
28 silly get     age: '0',
28 silly get     connection: 'keep-alive',
28 silly get     'x-served-by': 'cache-sjc3124-SJC',
28 silly get     'x-cache': 'HIT',
28 silly get     'x-cache-hits': '1',
28 silly get     'x-timer': 'S1445247664.378306,VS0,VE36',
28 silly get     vary: 'Accept' } ]
29 verbose etag https://registry.npmjs.org/sync from cache
30 verbose get saving sync to C:\Users\Naveen\AppData\Roaming\npm-cache\registry.npmjs.org\sync\.cache.json
31 silly addNameRange number 2 { name: 'sync', range: '*', hasData: true }
32 silly addNameRange versions [ 'sync',
32 silly addNameRange   [ '0.0.1',
32 silly addNameRange     '0.1.0',
32 silly addNameRange     '0.1.1',
32 silly addNameRange     '0.1.3',
32 silly addNameRange     '0.1.4',
32 silly addNameRange     '0.1.5',
32 silly addNameRange     '0.1.6',
32 silly addNameRange     '0.1.7',
32 silly addNameRange     '0.1.8',
32 silly addNameRange     '0.2.0',
32 silly addNameRange     '0.2.1',
32 silly addNameRange     '0.2.2',
32 silly addNameRange     '0.2.3',
32 silly addNameRange     '0.2.4',
32 silly addNameRange     '0.2.5',
32 silly addNameRange     '0.1.9-beta',
32 silly addNameRange     '0.1.9-beta2',
32 silly addNameRange     '0.1.9-beta3' ] ]
33 silly addNamed sync@0.2.5
34 verbose addNamed "0.2.5" is a plain semver version for sync
35 silly cache afterAdd sync@0.2.5
36 verbose afterAdd C:\Users\Naveen\AppData\Roaming\npm-cache\sync\0.2.5\package\package.json not in flight; writing
37 verbose afterAdd C:\Users\Naveen\AppData\Roaming\npm-cache\sync\0.2.5\package\package.json written
38 silly install resolved [ { name: 'sync',
38 silly install resolved     description: 'Library that makes simple to run asynchronous functions in synchronous manner, using node-fibers.',
38 silly install resolved     version: '0.2.5',
38 silly install resolved     url: 'http://github.com/0ctave/node-sync',
38 silly install resolved     author: { name: 'Yuriy Bogdanov', email: 'chinsay@gmail.com' },
38 silly install resolved     main: 'lib/sync',
38 silly install resolved     license: 'MIT',
38 silly install resolved     repository:
38 silly install resolved      { type: 'git',
38 silly install resolved        url: 'git+https://github.com/ybogdanov/node-sync.git' },
38 silly install resolved     engines: { node: '>=0.5.2' },
38 silly install resolved     dependencies: { fibers: '>=0.6' },
38 silly install resolved     bugs: { url: 'https://github.com/ybogdanov/node-sync/issues' },
38 silly install resolved     homepage: 'https://github.com/ybogdanov/node-sync',
38 silly install resolved     _id: 'sync@0.2.5',
38 silly install resolved     dist:
38 silly install resolved      { shasum: '3910bb9b66abee56542e2e70f0ce549031252df6',
38 silly install resolved        tarball: 'http://registry.npmjs.org/sync/-/sync-0.2.5.tgz' },
38 silly install resolved     _from: 'sync@*',
38 silly install resolved     _npmVersion: '1.4.3',
38 silly install resolved     _npmUser: { name: 'octave', email: 'chinsay@gmail.com' },
38 silly install resolved     maintainers: [ [Object] ],
38 silly install resolved     directories: {},
38 silly install resolved     _shasum: '3910bb9b66abee56542e2e70f0ce549031252df6',
38 silly install resolved     _resolved: 'https://registry.npmjs.org/sync/-/sync-0.2.5.tgz',
38 silly install resolved     readme: 'ERROR: No README data found!' } ]
39 info install sync@0.2.5 into C:\Program Files\Sublime Text 3\homework-3
40 info installOne sync@0.2.5
41 verbose installOne of sync to C:\Program Files\Sublime Text 3\homework-3 not in flight; installing
42 verbose lock using C:\Users\Naveen\AppData\Roaming\npm-cache\_locks\sync-d672598c9866a6cf.lock for C:\Program Files\Sublime Text 3\homework-3\node_modules\sync
43 silly install write writing sync 0.2.5 to C:\Program Files\Sublime Text 3\homework-3\node_modules\sync
44 verbose unbuild node_modules\sync
45 silly gentlyRm C:\Program Files\Sublime Text 3\homework-3\node_modules\sync is being purged from base C:\Program Files\Sublime Text 3\homework-3
46 verbose gentlyRm don't care about contents; nuking C:\Program Files\Sublime Text 3\homework-3\node_modules\sync
47 verbose tar unpack C:\Users\Naveen\AppData\Roaming\npm-cache\sync\0.2.5\package.tgz
48 verbose tar unpacking to C:\Program Files\Sublime Text 3\homework-3\node_modules\sync
49 silly gentlyRm C:\Program Files\Sublime Text 3\homework-3\node_modules\sync is being purged
50 verbose gentlyRm don't care about contents; nuking C:\Program Files\Sublime Text 3\homework-3\node_modules\sync
51 silly gunzTarPerm modes [ '777', '666' ]
52 silly gunzTarPerm extractEntry package.json
53 silly gunzTarPerm modified mode [ 'package.json', 420, 438 ]
54 silly gunzTarPerm extractEntry .npmignore
55 silly gunzTarPerm modified mode [ '.npmignore', 420, 438 ]
56 silly gunzTarPerm extractEntry README.md
57 silly gunzTarPerm modified mode [ 'README.md', 420, 438 ]
58 silly gunzTarPerm extractEntry LICENSE
59 silly gunzTarPerm modified mode [ 'LICENSE', 420, 438 ]
60 silly gunzTarPerm extractEntry benchmarks/index.js
61 silly gunzTarPerm modified mode [ 'benchmarks/index.js', 420, 438 ]
62 silly gunzTarPerm extractEntry examples/async.js
63 silly gunzTarPerm modified mode [ 'examples/async.js', 420, 438 ]
64 silly gunzTarPerm extractEntry examples/exceptions.js
65 silly gunzTarPerm modified mode [ 'examples/exceptions.js', 420, 438 ]
66 silly gunzTarPerm extractEntry examples/express.js
67 silly gunzTarPerm modified mode [ 'examples/express.js', 420, 438 ]
68 silly gunzTarPerm extractEntry examples/fiber.js
69 silly gunzTarPerm modified mode [ 'examples/fiber.js', 420, 438 ]
70 silly gunzTarPerm extractEntry examples/future.js
71 silly gunzTarPerm modified mode [ 'examples/future.js', 420, 438 ]
72 silly gunzTarPerm extractEntry examples/blocking.js
73 silly gunzTarPerm modified mode [ 'examples/blocking.js', 420, 438 ]
74 silly gunzTarPerm extractEntry examples/repl.js
75 silly gunzTarPerm modified mode [ 'examples/repl.js', 420, 438 ]
76 silly gunzTarPerm extractEntry examples/scope.js
77 silly gunzTarPerm modified mode [ 'examples/scope.js', 420, 438 ]
78 silly gunzTarPerm extractEntry examples/simple.js
79 silly gunzTarPerm modified mode [ 'examples/simple.js', 420, 438 ]
80 silly gunzTarPerm extractEntry examples/simple2.js
81 silly gunzTarPerm modified mode [ 'examples/simple2.js', 420, 438 ]
82 silly gunzTarPerm extractEntry examples/vars.js
83 silly gunzTarPerm modified mode [ 'examples/vars.js', 420, 438 ]
84 silly gunzTarPerm extractEntry examples/object.js
85 silly gunzTarPerm modified mode [ 'examples/object.js', 420, 438 ]
86 silly gunzTarPerm extractEntry lib/sync.js
87 silly gunzTarPerm modified mode [ 'lib/sync.js', 420, 438 ]
88 silly gunzTarPerm extractEntry test/async.js
89 silly gunzTarPerm modified mode [ 'test/async.js', 420, 438 ]
90 silly gunzTarPerm extractEntry test/fiber.js
91 silly gunzTarPerm modified mode [ 'test/fiber.js', 420, 438 ]
92 silly gunzTarPerm extractEntry test/future.js
93 silly gunzTarPerm modified mode [ 'test/future.js', 420, 438 ]
94 silly gunzTarPerm extractEntry test/index.js
95 silly gunzTarPerm modified mode [ 'test/index.js', 420, 438 ]
96 silly gunzTarPerm extractEntry test/sleep.js
97 silly gunzTarPerm modified mode [ 'test/sleep.js', 420, 438 ]
98 silly gunzTarPerm extractEntry test/sync.js
99 silly gunzTarPerm modified mode [ 'test/sync.js', 420, 438 ]
100 verbose write writing to C:\Program Files\Sublime Text 3\homework-3\node_modules\sync\package.json
101 info preinstall sync@0.2.5
102 verbose readDependencies loading dependencies from C:\Program Files\Sublime Text 3\homework-3\node_modules\sync\package.json
103 silly prepareForInstallMany adding fibers@>=0.6 from sync dependencies
104 verbose readDependencies loading dependencies from C:\Program Files\Sublime Text 3\homework-3\node_modules\sync\package.json
105 silly cache add args [ 'fibers@>=0.6', null ]
106 verbose cache add spec fibers@>=0.6
107 silly cache add parsed spec Result {
107 silly cache add   raw: 'fibers@>=0.6',
107 silly cache add   scope: null,
107 silly cache add   name: 'fibers',
107 silly cache add   rawSpec: '>=0.6',
107 silly cache add   spec: '>=0.6.0',
107 silly cache add   type: 'range' }
108 silly addNamed fibers@>=0.6.0
109 verbose addNamed ">=0.6.0" is a valid semver range for fibers
110 silly addNameRange { name: 'fibers', range: '>=0.6.0', hasData: false }
111 silly mapToRegistry name fibers
112 silly mapToRegistry using default registry
113 silly mapToRegistry registry https://registry.npmjs.org/
114 silly mapToRegistry uri https://registry.npmjs.org/fibers
115 verbose addNameRange registry:https://registry.npmjs.org/fibers not in flight; fetching
116 verbose request uri https://registry.npmjs.org/fibers
117 verbose request no auth needed
118 info attempt registry request try #1 at 2:40:37 AM
119 verbose etag "EVWXHE5K16HTS5BY9L958MZ0K"
120 http request GET https://registry.npmjs.org/fibers
121 http 304 https://registry.npmjs.org/fibers
122 silly get cb [ 304,
122 silly get   { date: 'Mon, 19 Oct 2015 09:41:04 GMT',
122 silly get     via: '1.1 varnish',
122 silly get     'cache-control': 'max-age=60',
122 silly get     etag: '"EVWXHE5K16HTS5BY9L958MZ0K"',
122 silly get     age: '0',
122 silly get     connection: 'keep-alive',
122 silly get     'x-served-by': 'cache-sjc3129-SJC',
122 silly get     'x-cache': 'HIT',
122 silly get     'x-cache-hits': '1',
122 silly get     'x-timer': 'S1445247664.723328,VS0,VE38',
122 silly get     vary: 'Accept' } ]
123 verbose etag https://registry.npmjs.org/fibers from cache
124 verbose get saving fibers to C:\Users\Naveen\AppData\Roaming\npm-cache\registry.npmjs.org\fibers\.cache.json
125 silly addNameRange number 2 { name: 'fibers', range: '>=0.6.0', hasData: true }
126 silly addNameRange versions [ 'fibers',
126 silly addNameRange   [ '0.1.0',
126 silly addNameRange     '0.1.1',
126 silly addNameRange     '0.1.2',
126 silly addNameRange     '0.1.3',
126 silly addNameRange     '0.1.4',
126 silly addNameRange     '0.1.6',
126 silly addNameRange     '0.1.7',
126 silly addNameRange     '0.1.8',
126 silly addNameRange     '0.2.0',
126 silly addNameRange     '0.2.1',
126 silly addNameRange     '0.2.2',
126 silly addNameRange     '0.2.3',
126 silly addNameRange     '0.2.4',
126 silly addNameRange     '0.2.5',
126 silly addNameRange     '0.2.6',
126 silly addNameRange     '0.5.0',
126 silly addNameRange     '0.6.0',
126 silly addNameRange     '0.5.1',
126 silly addNameRange     '0.6.1',
126 silly addNameRange     '0.6.2',
126 silly addNameRange     '0.6.3',
126 silly addNameRange     '0.6.4',
126 silly addNameRange     '0.6.5',
126 silly addNameRange     '0.6.6',
126 silly addNameRange     '0.6.7',
126 silly addNameRange     '0.6.8',
126 silly addNameRange     '0.6.9',
126 silly addNameRange     '1.0.0',
126 silly addNameRange     '1.0.1',
126 silly addNameRange     '1.0.2',
126 silly addNameRange     '1.0.4',
126 silly addNameRange     '1.0.5',
126 silly addNameRange     '1.0.6-b',
126 silly addNameRange     '1.0.7' ] ]
127 silly addNamed fibers@1.0.7
128 verbose addNamed "1.0.7" is a plain semver version for fibers
129 silly cache afterAdd fibers@1.0.7
130 verbose afterAdd C:\Users\Naveen\AppData\Roaming\npm-cache\fibers\1.0.7\package\package.json not in flight; writing
131 verbose afterAdd C:\Users\Naveen\AppData\Roaming\npm-cache\fibers\1.0.7\package\package.json written
132 silly install resolved [ { name: 'fibers',
132 silly install resolved     version: '1.0.7',
132 silly install resolved     description: 'Cooperative multi-tasking for Javascript',
132 silly install resolved     keywords:
132 silly install resolved      [ 'fiber',
132 silly install resolved        'fibers',
132 silly install resolved        'coroutine',
132 silly install resolved        'thread',
132 silly install resolved        'async',
132 silly install resolved        'parallel',
132 silly install resolved        'worker',
132 silly install resolved        'future',
132 silly install resolved        'promise' ],
132 silly install resolved     homepage: 'https://github.com/laverdet/node-fibers',
132 silly install resolved     author:
132 silly install resolved      { name: 'Marcel Laverdet',
132 silly install resolved        email: 'marcel@laverdet.com',
132 silly install resolved        url: 'https://github.com/laverdet/' },
132 silly install resolved     main: 'fibers',
132 silly install resolved     scripts:
132 silly install resolved      { install: 'node build.js || nodejs build.js',
132 silly install resolved        test: 'node test.js || nodejs test.js' },
132 silly install resolved     repository:
132 silly install resolved      { type: 'git',
132 silly install resolved        url: 'git://github.com/laverdet/node-fibers.git' },
132 silly install resolved     license: 'MIT',
132 silly install resolved     engines: { node: '>=0.5.2' },
132 silly install resolved     gitHead: '8c591087fcc5768d209ff8a30979c9257503d13f',
132 silly install resolved     bugs: { url: 'https://github.com/laverdet/node-fibers/issues' },
132 silly install resolved     _id: 'fibers@1.0.7',
132 silly install resolved     _shasum: '7dabae2b238188caa3748a8968c3c9df91752982',
132 silly install resolved     _from: 'fibers@>=0.6.0',
132 silly install resolved     _npmVersion: '2.11.3',
132 silly install resolved     _nodeVersion: '2.3.2',
132 silly install resolved     _npmUser: { name: 'laverdet', email: 'marcel.npm@laverdet.com' },
132 silly install resolved     maintainers: [ [Object] ],
132 silly install resolved     dist:
132 silly install resolved      { shasum: '7dabae2b238188caa3748a8968c3c9df91752982',
132 silly install resolved        tarball: 'http://registry.npmjs.org/fibers/-/fibers-1.0.7.tgz' },
132 silly install resolved     directories: {},
132 silly install resolved     _resolved: 'https://registry.npmjs.org/fibers/-/fibers-1.0.7.tgz',
132 silly install resolved     readme: 'ERROR: No README data found!' } ]
133 info install fibers@1.0.7 into C:\Program Files\Sublime Text 3\homework-3\node_modules\sync
134 info installOne fibers@1.0.7
135 verbose installOne of fibers to C:\Program Files\Sublime Text 3\homework-3\node_modules\sync not in flight; installing
136 verbose lock using C:\Users\Naveen\AppData\Roaming\npm-cache\_locks\fibers-2adeffd663f9a131.lock for C:\Program Files\Sublime Text 3\homework-3\node_modules\sync\node_modules\fibers
137 silly install write writing fibers 1.0.7 to C:\Program Files\Sublime Text 3\homework-3\node_modules\sync\node_modules\fibers
138 verbose unbuild node_modules\sync\node_modules\fibers
139 silly gentlyRm C:\Program Files\Sublime Text 3\homework-3\node_modules\sync\node_modules\fibers is being purged from base C:\Program Files\Sublime Text 3\homework-3
140 verbose gentlyRm don't care about contents; nuking C:\Program Files\Sublime Text 3\homework-3\node_modules\sync\node_modules\fibers
141 verbose tar unpack C:\Users\Naveen\AppData\Roaming\npm-cache\fibers\1.0.7\package.tgz
142 verbose tar unpacking to C:\Program Files\Sublime Text 3\homework-3\node_modules\sync\node_modules\fibers
143 silly gentlyRm C:\Program Files\Sublime Text 3\homework-3\node_modules\sync\node_modules\fibers is being purged
144 verbose gentlyRm don't care about contents; nuking C:\Program Files\Sublime Text 3\homework-3\node_modules\sync\node_modules\fibers
145 silly gunzTarPerm modes [ '777', '666' ]
146 silly gunzTarPerm extractEntry package.json
147 silly gunzTarPerm modified mode [ 'package.json', 420, 438 ]
148 silly gunzTarPerm extractEntry .npmignore
149 silly gunzTarPerm modified mode [ '.npmignore', 420, 438 ]
150 silly gunzTarPerm extractEntry README.md
151 silly gunzTarPerm modified mode [ 'README.md', 420, 438 ]
152 silly gunzTarPerm extractEntry LICENSE
153 silly gunzTarPerm modified mode [ 'LICENSE', 420, 438 ]
154 silly gunzTarPerm extractEntry quick-test.js
155 silly gunzTarPerm modified mode [ 'quick-test.js', 420, 438 ]
156 silly gunzTarPerm extractEntry future.js
157 silly gunzTarPerm modified mode [ 'future.js', 420, 438 ]
158 silly gunzTarPerm extractEntry build.js
159 silly gunzTarPerm modified mode [ 'build.js', 493, 511 ]
160 silly gunzTarPerm extractEntry test.js
161 silly gunzTarPerm modified mode [ 'test.js', 493, 511 ]
162 silly gunzTarPerm extractEntry fibers.js
163 silly gunzTarPerm modified mode [ 'fibers.js', 420, 438 ]
164 silly gunzTarPerm extractEntry binding.gyp
165 silly gunzTarPerm modified mode [ 'binding.gyp', 420, 438 ]
166 silly gunzTarPerm extractEntry bin/.npmignore
167 silly gunzTarPerm modified mode [ 'bin/.npmignore', 420, 438 ]
168 silly gunzTarPerm extractEntry bin/win32-x64-v8-4.2/fibers.node
169 silly gunzTarPerm modified mode [ 'bin/win32-x64-v8-4.2/fibers.node', 420, 438 ]
170 silly gunzTarPerm extractEntry bin/darwin-ia32-v8-3.28/fibers.node
171 silly gunzTarPerm modified mode [ 'bin/darwin-ia32-v8-3.28/fibers.node', 493, 511 ]
172 silly gunzTarPerm extractEntry bin/darwin-ia32-v8-4.2/fibers.node
173 silly gunzTarPerm modified mode [ 'bin/darwin-ia32-v8-4.2/fibers.node', 493, 511 ]
174 silly gunzTarPerm extractEntry bin/darwin-x64-v8-3.14/fibers.node
175 silly gunzTarPerm modified mode [ 'bin/darwin-x64-v8-3.14/fibers.node', 493, 511 ]
176 silly gunzTarPerm extractEntry bin/darwin-x64-v8-3.28/fibers.node
177 silly gunzTarPerm modified mode [ 'bin/darwin-x64-v8-3.28/fibers.node', 493, 511 ]
178 silly gunzTarPerm extractEntry bin/darwin-x64-v8-4.2/fibers.node
179 silly gunzTarPerm modified mode [ 'bin/darwin-x64-v8-4.2/fibers.node', 493, 511 ]
180 silly gunzTarPerm extractEntry bin/linux-ia32-v8-3.14/fibers.node
181 silly gunzTarPerm modified mode [ 'bin/linux-ia32-v8-3.14/fibers.node', 493, 511 ]
182 silly gunzTarPerm extractEntry bin/linux-ia32-v8-3.28/fibers.node
183 silly gunzTarPerm modified mode [ 'bin/linux-ia32-v8-3.28/fibers.node', 493, 511 ]
184 silly gunzTarPerm extractEntry bin/linux-ia32-v8-4.2/fibers.node
185 silly gunzTarPerm modified mode [ 'bin/linux-ia32-v8-4.2/fibers.node', 493, 511 ]
186 silly gunzTarPerm extractEntry bin/darwin-ia32-v8-3.14/fibers.node
187 silly gunzTarPerm modified mode [ 'bin/darwin-ia32-v8-3.14/fibers.node', 493, 511 ]
188 silly gunzTarPerm extractEntry bin/linux-x64-v8-3.28/fibers.node
189 silly gunzTarPerm modified mode [ 'bin/linux-x64-v8-3.28/fibers.node', 493, 511 ]
190 silly gunzTarPerm extractEntry bin/linux-x64-v8-4.2/fibers.node
191 silly gunzTarPerm modified mode [ 'bin/linux-x64-v8-4.2/fibers.node', 493, 511 ]
192 silly gunzTarPerm extractEntry bin/repl
193 silly gunzTarPerm modified mode [ 'bin/repl', 493, 511 ]
194 silly gunzTarPerm extractEntry bin/win32-ia32-v8-3.14/fibers.node
195 silly gunzTarPerm modified mode [ 'bin/win32-ia32-v8-3.14/fibers.node', 420, 438 ]
196 silly gunzTarPerm extractEntry bin/win32-ia32-v8-3.28/fibers.node
197 silly gunzTarPerm modified mode [ 'bin/win32-ia32-v8-3.28/fibers.node', 420, 438 ]
198 silly gunzTarPerm extractEntry bin/win32-ia32-v8-4.2/fibers.node
199 silly gunzTarPerm modified mode [ 'bin/win32-ia32-v8-4.2/fibers.node', 420, 438 ]
200 silly gunzTarPerm extractEntry bin/win32-x64-v8-3.14/fibers.node
201 silly gunzTarPerm modified mode [ 'bin/win32-x64-v8-3.14/fibers.node', 420, 438 ]
202 silly gunzTarPerm extractEntry bin/win32-x64-v8-3.28/fibers.node
203 silly gunzTarPerm modified mode [ 'bin/win32-x64-v8-3.28/fibers.node', 420, 438 ]
204 silly gunzTarPerm extractEntry bin/linux-x64-v8-3.14/fibers.node
205 silly gunzTarPerm modified mode [ 'bin/linux-x64-v8-3.14/fibers.node', 493, 511 ]
206 silly gunzTarPerm extractEntry src/coroutine.cc
207 silly gunzTarPerm modified mode [ 'src/coroutine.cc', 420, 438 ]
208 silly gunzTarPerm extractEntry src/coroutine.h
209 silly gunzTarPerm modified mode [ 'src/coroutine.h', 420, 438 ]
210 silly gunzTarPerm extractEntry src/fibers.cc
211 silly gunzTarPerm modified mode [ 'src/fibers.cc', 420, 438 ]
212 silly gunzTarPerm extractEntry src/libcoro/README
213 silly gunzTarPerm modified mode [ 'src/libcoro/README', 420, 438 ]
214 silly gunzTarPerm extractEntry src/libcoro/LICENSE
215 silly gunzTarPerm modified mode [ 'src/libcoro/LICENSE', 420, 438 ]
216 silly gunzTarPerm extractEntry src/libcoro/conftest.c
217 silly gunzTarPerm modified mode [ 'src/libcoro/conftest.c', 420, 438 ]
218 silly gunzTarPerm extractEntry src/libcoro/coro.c
219 silly gunzTarPerm modified mode [ 'src/libcoro/coro.c', 420, 438 ]
220 silly gunzTarPerm extractEntry src/libcoro/coro.h
221 silly gunzTarPerm modified mode [ 'src/libcoro/coro.h', 420, 438 ]
222 silly gunzTarPerm extractEntry test/already-running.js
223 silly gunzTarPerm modified mode [ 'test/already-running.js', 420, 438 ]
224 silly gunzTarPerm extractEntry test/exit.js
225 silly gunzTarPerm modified mode [ 'test/exit.js', 420, 438 ]
226 silly gunzTarPerm extractEntry test/fibonacci.js
227 silly gunzTarPerm modified mode [ 'test/fibonacci.js', 420, 438 ]
228 silly gunzTarPerm extractEntry test/finish-multiple.js
229 silly gunzTarPerm modified mode [ 'test/finish-multiple.js', 420, 438 ]
230 silly gunzTarPerm extractEntry test/future-exception.js
231 silly gunzTarPerm modified mode [ 'test/future-exception.js', 420, 438 ]
232 silly gunzTarPerm extractEntry test/exec.js
233 silly gunzTarPerm modified mode [ 'test/exec.js', 420, 438 ]
234 silly gunzTarPerm extractEntry test/illegal-yield.js
235 silly gunzTarPerm modified mode [ 'test/illegal-yield.js', 420, 438 ]
236 silly gunzTarPerm extractEntry test/pool.js
237 silly gunzTarPerm modified mode [ 'test/pool.js', 420, 438 ]
238 silly gunzTarPerm extractEntry test/process-title.js
239 silly gunzTarPerm modified mode [ 'test/process-title.js', 420, 438 ]
240 silly gunzTarPerm extractEntry test/stack-overflow.js
241 silly gunzTarPerm modified mode [ 'test/stack-overflow.js', 420, 438 ]
242 silly gunzTarPerm extractEntry test/stack-overflow2.js
243 silly gunzTarPerm modified mode [ 'test/stack-overflow2.js', 493, 511 ]
244 silly gunzTarPerm extractEntry test/current.js
245 silly gunzTarPerm modified mode [ 'test/current.js', 420, 438 ]
246 silly gunzTarPerm extractEntry test/stack-overflow3.js
247 silly gunzTarPerm modified mode [ 'test/stack-overflow3.js', 420, 438 ]
248 silly gunzTarPerm extractEntry test/child-process.js
249 silly gunzTarPerm modified mode [ 'test/child-process.js', 420, 438 ]
250 silly gunzTarPerm extractEntry test/started.js
251 silly gunzTarPerm modified mode [ 'test/started.js', 420, 438 ]
252 silly gunzTarPerm extractEntry test/bad-context.js
253 silly gunzTarPerm modified mode [ 'test/bad-context.js', 420, 438 ]
254 silly gunzTarPerm extractEntry test/unwind.js
255 silly gunzTarPerm modified mode [ 'test/unwind.js', 420, 438 ]
256 silly gunzTarPerm extractEntry test/future.js
257 silly gunzTarPerm modified mode [ 'test/future.js', 420, 438 ]
258 verbose write writing to C:\Program Files\Sublime Text 3\homework-3\node_modules\sync\node_modules\fibers\package.json
259 info preinstall fibers@1.0.7
260 verbose readDependencies loading dependencies from C:\Program Files\Sublime Text 3\homework-3\node_modules\sync\node_modules\fibers\package.json
261 verbose readDependencies loading dependencies from C:\Program Files\Sublime Text 3\homework-3\node_modules\sync\node_modules\fibers\package.json
262 silly install resolved []
263 verbose about to build C:\Program Files\Sublime Text 3\homework-3\node_modules\sync\node_modules\fibers
264 info build C:\Program Files\Sublime Text 3\homework-3\node_modules\sync\node_modules\fibers
265 info linkStuff fibers@1.0.7
266 silly linkStuff fibers@1.0.7 has C:\Program Files\Sublime Text 3\homework-3\node_modules\sync\node_modules as its parent node_modules
267 verbose linkBins fibers@1.0.7
268 verbose linkMans fibers@1.0.7
269 verbose rebuildBundles fibers@1.0.7
270 info install fibers@1.0.7
271 verbose unsafe-perm in lifecycle true
272 info fibers@1.0.7 Failed to exec install script
273 verbose unlock done using C:\Users\Naveen\AppData\Roaming\npm-cache\_locks\fibers-2adeffd663f9a131.lock for C:\Program Files\Sublime Text 3\homework-3\node_modules\sync\node_modules\fibers
274 verbose about to build C:\Program Files\Sublime Text 3\homework-3\node_modules\sync
275 verbose unlock done using C:\Users\Naveen\AppData\Roaming\npm-cache\_locks\sync-d672598c9866a6cf.lock for C:\Program Files\Sublime Text 3\homework-3\node_modules\sync
276 verbose stack Error: fibers@1.0.7 install: `node build.js || nodejs build.js`
276 verbose stack Exit status 1
276 verbose stack     at EventEmitter.<anonymous> (C:\Program Files\nodejs\node_modules\npm\lib\utils\lifecycle.js:214:16)
276 verbose stack     at emitTwo (events.js:87:13)
276 verbose stack     at EventEmitter.emit (events.js:172:7)
276 verbose stack     at ChildProcess.<anonymous> (C:\Program Files\nodejs\node_modules\npm\lib\utils\spawn.js:24:14)
276 verbose stack     at emitTwo (events.js:87:13)
276 verbose stack     at ChildProcess.emit (events.js:172:7)
276 verbose stack     at maybeClose (internal/child_process.js:817:16)
276 verbose stack     at Process.ChildProcess._handle.onexit (internal/child_process.js:211:5)
277 verbose pkgid fibers@1.0.7
278 verbose cwd C:\Program Files\Sublime Text 3\homework-3
279 error Windows_NT 6.1.7601
280 error argv "C:\\Program Files\\nodejs\\node.exe" "C:\\Program Files\\nodejs\\node_modules\\npm\\bin\\npm-cli.js" "install" "sync"
281 error node v4.1.1
282 error npm  v2.14.4
283 error code ELIFECYCLE
284 error fibers@1.0.7 install: `node build.js || nodejs build.js`
284 error Exit status 1
285 error Failed at the fibers@1.0.7 install script 'node build.js || nodejs build.js'.
285 error This is most likely a problem with the fibers package,
285 error not with npm itself.
285 error Tell the author that this fails on your system:
285 error     node build.js || nodejs build.js
285 error You can get their info via:
285 error     npm owner ls fibers
285 error There is likely additional logging output above.
286 verbose exit [ 1, true ]
287 verbose unbuild node_modules\sync\node_modules\fibers
288 info preuninstall fibers@1.0.7
289 info uninstall fibers@1.0.7
290 verbose unbuild rmStuff fibers@1.0.7 from C:\Program Files\Sublime Text 3\homework-3\node_modules
291 verbose unbuild rmStuff in C:\Program Files\Sublime Text 3\homework-3\node_modules\sync\node_modules
292 info postuninstall fibers@1.0.7
293 silly gentlyRm C:\Program Files\Sublime Text 3\homework-3\node_modules\sync\node_modules\fibers is being purged from base C:\Program Files\Sublime Text 3\homework-3
294 verbose gentlyRm don't care about contents; nuking C:\Program Files\Sublime Text 3\homework-3\node_modules\sync\node_modules\fibers
295 silly vacuum-fs purging C:\Program Files\Sublime Text 3\homework-3\node_modules\sync\node_modules\fibers
296 silly vacuum-fs removing C:\Program Files\Sublime Text 3\homework-3\node_modules\sync\node_modules
297 silly vacuum-fs quitting because other entries in C:\Program Files\Sublime Text 3\homework-3\node_modules\sync
298 verbose unbuild node_modules\sync
299 info preuninstall sync@0.2.5
300 info uninstall sync@0.2.5
301 verbose unbuild rmStuff sync@0.2.5 from C:\Program Files\Sublime Text 3\homework-3\node_modules
302 info postuninstall sync@0.2.5
303 silly gentlyRm C:\Program Files\Sublime Text 3\homework-3\node_modules\sync is being purged from base C:\Program Files\Sublime Text 3\homework-3
304 verbose gentlyRm don't care about contents; nuking C:\Program Files\Sublime Text 3\homework-3\node_modules\sync
305 silly vacuum-fs purging C:\Program Files\Sublime Text 3\homework-3\node_modules\sync
306 silly vacuum-fs quitting because other entries in C:\Program Files\Sublime Text 3\homework-3\node_modules
